<?xml version="1.0" encoding="UTF-8"?>
<!-- Generated by org.testng.reporters.JUnitReportReporter -->
<testsuite hostname="DESKTOP-8JJAQPI" failures="0" tests="1" name="webapptestNG.addtest" time="15.457" errors="0" timestamp="29 Jul. 2019 08:06:15 GMT" skipped="0">
  <testcase classname="webapptestNG.addtest" name="launch" time="15.457"/>
</testsuite> <!-- webapptestNG.addtest -->
