<?xml version="1.0" encoding="UTF-8"?>
<!-- Generated by org.testng.reporters.JUnitReportReporter -->
<testsuite hostname="DESKTOP-8JJAQPI" failures="0" tests="1" name="webapptestNG.addtest" time="14.022" errors="0" timestamp="29 Jul. 2019 14:16:30 GMT" skipped="0">
  <testcase classname="webapptestNG.addtest" name="launch" time="14.022"/>
</testsuite> <!-- webapptestNG.addtest -->
