<?xml version="1.0" encoding="UTF-8"?>
<!-- Generated by org.testng.reporters.JUnitReportReporter -->
<testsuite hostname="DESKTOP-8JJAQPI" failures="0" tests="1" name="webapptestNG.addtest3" time="15.137" errors="0" timestamp="30 Jul. 2019 22:26:03 GMT" skipped="0">
  <testcase classname="webapptestNG.addtest3" name="growerlogin" time="15.137"/>
</testsuite> <!-- webapptestNG.addtest3 -->
