<?xml version="1.0" encoding="UTF-8"?>
<!-- Generated by org.testng.reporters.JUnitReportReporter -->
<testsuite hostname="DESKTOP-8JJAQPI" failures="0" tests="1" name="webapptestNG.addtest" time="13.508" errors="0" timestamp="30 Jul. 2019 22:26:03 GMT" skipped="0">
  <testcase classname="webapptestNG.addtest" name="launch" time="13.508"/>
</testsuite> <!-- webapptestNG.addtest -->
