<?xml version="1.0" encoding="UTF-8"?>
<!-- Generated by org.testng.reporters.JUnitReportReporter -->
<testsuite hostname="DESKTOP-8JJAQPI" failures="0" tests="1" name="webapptestNG.addtest1" time="4.068" errors="0" timestamp="30 Jul. 2019 22:26:03 GMT" skipped="0">
  <testcase classname="webapptestNG.addtest1" name="verifyurl" time="4.068"/>
</testsuite> <!-- webapptestNG.addtest1 -->
